Arguments: 
  /usr/local/bin/node /usr/local/bin/yarn add redux react-redux react-router-dom react-router-redux@next redux-thunk history redux-devtools-extensions

PATH: 
  /usr/local/bin:/usr/bin:/bin:/usr/sbin:/sbin:/Users/weider/Desktop/Ferramentas/apache-maven-3.5.2/bin:/Users/weider/Desktop/Ferramentas/apache-maven-3.5.2/bin

Yarn version: 
  1.7.0

Node version: 
  6.11.1

Platform: 
  darwin x64

Trace: 
  Error: https://registry.yarnpkg.com/redux-devtools-extensions: Not found
      at Request.params.callback [as _callback] (/usr/local/lib/node_modules/yarn/lib/cli.js:65656:18)
      at Request.self.callback (/usr/local/lib/node_modules/yarn/lib/cli.js:134675:22)
      at emitTwo (events.js:106:13)
      at Request.emit (events.js:191:7)
      at Request.<anonymous> (/usr/local/lib/node_modules/yarn/lib/cli.js:135658:10)
      at emitOne (events.js:96:13)
      at Request.emit (events.js:188:7)
      at IncomingMessage.<anonymous> (/usr/local/lib/node_modules/yarn/lib/cli.js:135578:12)
      at IncomingMessage.g (events.js:292:16)
      at emitNone (events.js:91:20)

npm manifest: 
  No manifest

yarn manifest: 
  No manifest

Lockfile: 
  No lockfile
